[12:04:15] MC_Pavlo (3f3d06b3-9673-37bf-aa44-3ba2a26020fa): 123
[12:06:40] MC_Pavlo (3f3d06b3-9673-37bf-aa44-3ba2a26020fa): 321
[12:06:44] MC_Pavlo (3f3d06b3-9673-37bf-aa44-3ba2a26020fa): 123
[12:09:20] MC_Pavlo (3f3d06b3-9673-37bf-aa44-3ba2a26020fa): 123
[12:19:47] MC_Pavlo (3f3d06b3-9673-37bf-aa44-3ba2a26020fa): 123
[12:19:48] MC_Pavlo (3f3d06b3-9673-37bf-aa44-3ba2a26020fa): 123
[12:21:05] MC_Pavlo (3f3d06b3-9673-37bf-aa44-3ba2a26020fa): 123
[12:21:07] MC_Pavlo (3f3d06b3-9673-37bf-aa44-3ba2a26020fa): 123
[12:29:21] MC_Pavlo (3f3d06b3-9673-37bf-aa44-3ba2a26020fa): 123
[12:29:23] MC_Pavlo (3f3d06b3-9673-37bf-aa44-3ba2a26020fa): 123
[12:30:12] MC_Pavlo (3f3d06b3-9673-37bf-aa44-3ba2a26020fa): 123
[12:30:17] MC_Pavlo (3f3d06b3-9673-37bf-aa44-3ba2a26020fa): 123
[12:30:56] MC_Pavlo (3f3d06b3-9673-37bf-aa44-3ba2a26020fa): 123
[12:31:15] MC_Pavlo (3f3d06b3-9673-37bf-aa44-3ba2a26020fa): 123
[12:31:41] MC_Pavlo (3f3d06b3-9673-37bf-aa44-3ba2a26020fa): 123
[12:32:14] MC_Pavlo (3f3d06b3-9673-37bf-aa44-3ba2a26020fa): 213
[12:32:25] MC_Pavlo (3f3d06b3-9673-37bf-aa44-3ba2a26020fa): 123
[12:32:28] MC_Pavlo (3f3d06b3-9673-37bf-aa44-3ba2a26020fa): 123
[12:34:27] MC_Pavlo (3f3d06b3-9673-37bf-aa44-3ba2a26020fa): 123
[12:35:52] MC_Pavlo (3f3d06b3-9673-37bf-aa44-3ba2a26020fa): 123
[12:36:08] MC_Pavlo (3f3d06b3-9673-37bf-aa44-3ba2a26020fa): 3MC_Pavlo
[12:37:39] MC_Pavlo (3f3d06b3-9673-37bf-aa44-3ba2a26020fa): 123
[12:37:41] MC_Pavlo (3f3d06b3-9673-37bf-aa44-3ba2a26020fa): 123
[12:37:52] MC_Pavlo (3f3d06b3-9673-37bf-aa44-3ba2a26020fa): 123
[12:37:53] MC_Pavlo (3f3d06b3-9673-37bf-aa44-3ba2a26020fa): 123
[12:38:06] MC_Pavlo (3f3d06b3-9673-37bf-aa44-3ba2a26020fa): 123
[12:38:29] MC_Pavlo (3f3d06b3-9673-37bf-aa44-3ba2a26020fa): 123
[12:38:45] MC_Pavlo (3f3d06b3-9673-37bf-aa44-3ba2a26020fa): 123
[13:04:31] MC_Pavlo (3f3d06b3-9673-37bf-aa44-3ba2a26020fa): exssssample.com
[13:04:43] MC_Pavlo (3f3d06b3-9673-37bf-aa44-3ba2a26020fa): exssssample.com
[13:04:55] MC_Pavlo (3f3d06b3-9673-37bf-aa44-3ba2a26020fa): 123
[13:04:59] MC_Pavlo (3f3d06b3-9673-37bf-aa44-3ba2a26020fa): dfsdf
[13:05:03] MC_Pavlo (3f3d06b3-9673-37bf-aa44-3ba2a26020fa): dsf.com
[13:38:29] MC_Pavlo123 (3a2d593f-1e61-3942-9bf9-c071e52025a2): 123
[13:39:02] MC_Pavlo123 (3a2d593f-1e61-3942-9bf9-c071e52025a2): 123
[13:42:10] MC_Pavlo123 (3a2d593f-1e61-3942-9bf9-c071e52025a2): 123
[13:49:19] MC_Pavlo123 (3a2d593f-1e61-3942-9bf9-c071e52025a2): 123
[13:49:27] MC_Pavlo123 (3a2d593f-1e61-3942-9bf9-c071e52025a2): !123
[13:49:48] MC_Pavlo123 (3a2d593f-1e61-3942-9bf9-c071e52025a2): 123
[13:49:51] MC_Pavlo123 (3a2d593f-1e61-3942-9bf9-c071e52025a2): !123
[13:50:27] MC_Pavlo123 (3a2d593f-1e61-3942-9bf9-c071e52025a2): 123
[13:50:29] MC_Pavlo123 (3a2d593f-1e61-3942-9bf9-c071e52025a2): 123
[13:50:32] [ADS] MC_Pavlo123 (3a2d593f-1e61-3942-9bf9-c071e52025a2): !<advertisement>
[13:50:36] [ADS] MC_Pavlo123 (3a2d593f-1e61-3942-9bf9-c071e52025a2): <advertisement>
[13:51:45] MC_Pavlo123 (3a2d593f-1e61-3942-9bf9-c071e52025a2): 123
[13:51:46] MC_Pavlo123 (3a2d593f-1e61-3942-9bf9-c071e52025a2): 123
[14:02:42] MC_Pavlo123 (3a2d593f-1e61-3942-9bf9-c071e52025a2): 123
[14:02:44] MC_Pavlo123 (3a2d593f-1e61-3942-9bf9-c071e52025a2): 123
[14:02:46] MC_Pavlo123 (3a2d593f-1e61-3942-9bf9-c071e52025a2): 11123
[14:33:32] MC_Pavlo123 (3a2d593f-1e61-3942-9bf9-c071e52025a2): 12
[14:34:18] MC_Pavlo123 (3a2d593f-1e61-3942-9bf9-c071e52025a2): 123
[14:36:29] MC_Pavlo123 (3a2d593f-1e61-3942-9bf9-c071e52025a2): 123
[14:37:16] MC_Pavlo123 (3a2d593f-1e61-3942-9bf9-c071e52025a2): 123
[14:37:34] MC_Pavlo123 (3a2d593f-1e61-3942-9bf9-c071e52025a2): 123
[14:37:51] MC_Pavlo123 (3a2d593f-1e61-3942-9bf9-c071e52025a2): 123
[14:37:59] MC_Pavlo123 (3a2d593f-1e61-3942-9bf9-c071e52025a2): 123
[18:25:16] MC_Pavlo123 (3a2d593f-1e61-3942-9bf9-c071e52025a2): 123
