[16:28:59] MC_Pavlo123 (3a2d593f-1e61-3942-9bf9-c071e52025a2): 123
[16:29:01] MC_Pavlo123 (3a2d593f-1e61-3942-9bf9-c071e52025a2): 123
[16:30:13] MC_Pavlo123 (3a2d593f-1e61-3942-9bf9-c071e52025a2): 123
[16:30:22] MC_Pavlo123 (3a2d593f-1e61-3942-9bf9-c071e52025a2): 123
[16:30:55] MC_Pavlo123 (3a2d593f-1e61-3942-9bf9-c071e52025a2): 123
[16:31:02] MC_Pavlo123 (3a2d593f-1e61-3942-9bf9-c071e52025a2): 123
[16:31:05] MC_Pavlo123 (3a2d593f-1e61-3942-9bf9-c071e52025a2): 12312313
[16:32:01] MC_Pavlo123 (3a2d593f-1e61-3942-9bf9-c071e52025a2): 1231231313
[16:32:11] MC_Pavlo123 (3a2d593f-1e61-3942-9bf9-c071e52025a2): 123
[16:32:14] [ADS] MC_Pavlo123 (3a2d593f-1e61-3942-9bf9-c071e52025a2): <advertisement>
[16:32:34] [ADS] MC_Pavlo123 (3a2d593f-1e61-3942-9bf9-c071e52025a2): <advertisement>
[16:33:39] [ADS] MC_Pavlo123 (3a2d593f-1e61-3942-9bf9-c071e52025a2): <advertisement>
[16:33:51] [ADS] MC_Pavlo123 (3a2d593f-1e61-3942-9bf9-c071e52025a2): 
[16:34:04] [ADS] MC_Pavlo123 (3a2d593f-1e61-3942-9bf9-c071e52025a2):  лучший сервер
[16:34:30] MC_Pavlo123 (3a2d593f-1e61-3942-9bf9-c071e52025a2): werp pedik1448
[16:37:18] MC_Pavlo123 (3a2d593f-1e61-3942-9bf9-c071e52025a2): 123
[16:37:20] MC_Pavlo123 (3a2d593f-1e61-3942-9bf9-c071e52025a2): !
[16:37:32] MC_Pavlo123 (3a2d593f-1e61-3942-9bf9-c071e52025a2): !123
[16:37:35] MC_Pavlo123 (3a2d593f-1e61-3942-9bf9-c071e52025a2): !!
[16:37:37] MC_Pavlo123 (3a2d593f-1e61-3942-9bf9-c071e52025a2): !123
[16:37:49] MC_Pavlo123 (3a2d593f-1e61-3942-9bf9-c071e52025a2): 123
[16:37:51] MC_Pavlo123 (3a2d593f-1e61-3942-9bf9-c071e52025a2): 123
[16:37:51] MC_Pavlo123 (3a2d593f-1e61-3942-9bf9-c071e52025a2): 123
[16:39:46] MC_Pavlo123 (3a2d593f-1e61-3942-9bf9-c071e52025a2): 123
[16:39:49] MC_Pavlo123 (3a2d593f-1e61-3942-9bf9-c071e52025a2): 2t2t
[16:39:50] MC_Pavlo123 (3a2d593f-1e61-3942-9bf9-c071e52025a2): 2t2t2t
[16:39:51] MC_Pavlo123 (3a2d593f-1e61-3942-9bf9-c071e52025a2): t2t
[16:39:52] MC_Pavlo123 (3a2d593f-1e61-3942-9bf9-c071e52025a2): t2tt
[16:39:53] MC_Pavlo123 (3a2d593f-1e61-3942-9bf9-c071e52025a2): t2tt
[16:39:53] MC_Pavlo123 (3a2d593f-1e61-3942-9bf9-c071e52025a2): t2ttt
[16:39:53] MC_Pavlo123 (3a2d593f-1e61-3942-9bf9-c071e52025a2): t2ttt
[16:39:54] MC_Pavlo123 (3a2d593f-1e61-3942-9bf9-c071e52025a2): t2ttt
[16:41:08] MC_Pavlo123 (3a2d593f-1e61-3942-9bf9-c071e52025a2): 123
[16:41:08] MC_Pavlo123 (3a2d593f-1e61-3942-9bf9-c071e52025a2): 123
[16:41:09] MC_Pavlo123 (3a2d593f-1e61-3942-9bf9-c071e52025a2): 123
[16:41:09] MC_Pavlo123 (3a2d593f-1e61-3942-9bf9-c071e52025a2): 123
[16:41:09] MC_Pavlo123 (3a2d593f-1e61-3942-9bf9-c071e52025a2): 123
[16:41:10] MC_Pavlo123 (3a2d593f-1e61-3942-9bf9-c071e52025a2): 123
[16:41:10] MC_Pavlo123 (3a2d593f-1e61-3942-9bf9-c071e52025a2): 123
[16:41:29] MC_Pavlo123 (3a2d593f-1e61-3942-9bf9-c071e52025a2): 123
[16:41:29] MC_Pavlo123 (3a2d593f-1e61-3942-9bf9-c071e52025a2): 123
[16:41:30] MC_Pavlo123 (3a2d593f-1e61-3942-9bf9-c071e52025a2): 123
[16:41:31] MC_Pavlo123 (3a2d593f-1e61-3942-9bf9-c071e52025a2): 123
[16:41:31] MC_Pavlo123 (3a2d593f-1e61-3942-9bf9-c071e52025a2): 123
[16:41:31] MC_Pavlo123 (3a2d593f-1e61-3942-9bf9-c071e52025a2): 123
[16:41:32] MC_Pavlo123 (3a2d593f-1e61-3942-9bf9-c071e52025a2): 123
[16:41:32] MC_Pavlo123 (3a2d593f-1e61-3942-9bf9-c071e52025a2): 123
[16:41:50] MC_Pavlo123 (3a2d593f-1e61-3942-9bf9-c071e52025a2): 123t
[16:41:52] MC_Pavlo123 (3a2d593f-1e61-3942-9bf9-c071e52025a2): 123tt
[16:41:53] MC_Pavlo123 (3a2d593f-1e61-3942-9bf9-c071e52025a2): 123tt
[16:43:26] MC_Pavlo123 (3a2d593f-1e61-3942-9bf9-c071e52025a2): 2134
[16:43:43] MC_Pavlo123 (3a2d593f-1e61-3942-9bf9-c071e52025a2): 123
[16:44:47] MC_Pavlo123 (3a2d593f-1e61-3942-9bf9-c071e52025a2): 231
[16:45:10] MC_Pavlo123 (3a2d593f-1e61-3942-9bf9-c071e52025a2): 123
[16:45:12] MC_Pavlo123 (3a2d593f-1e61-3942-9bf9-c071e52025a2): 123
[16:45:34] MC_Pavlo123 (3a2d593f-1e61-3942-9bf9-c071e52025a2): 123
[16:45:40] [ADS] MC_Pavlo123 (3a2d593f-1e61-3942-9bf9-c071e52025a2): 
[16:45:43] MC_Pavlo123 (3a2d593f-1e61-3942-9bf9-c071e52025a2): t
[16:45:44] MC_Pavlo123 (3a2d593f-1e61-3942-9bf9-c071e52025a2): t
[16:46:43] MC_Pavlo123 (3a2d593f-1e61-3942-9bf9-c071e52025a2): 123
[18:02:57] nava1enyj (a99c4341-6cc6-3f95-98b6-d83e01d692af): sdag
[18:03:02] nava1enyj (a99c4341-6cc6-3f95-98b6-d83e01d692af): dfsgsfdg
[18:05:04] 123123111 (6a03ef0d-494c-3eb6-be87-7282f1095609): 123
[18:05:07] 123123111 (6a03ef0d-494c-3eb6-be87-7282f1095609): 1233
[18:05:38] Dudos (eb949404-e720-3945-beb4-533077550886): 123
[18:05:41] Dudos (eb949404-e720-3945-beb4-533077550886): 123
[18:06:32] 123123111 (6a03ef0d-494c-3eb6-be87-7282f1095609): 123
[18:06:39] 123123111 (6a03ef0d-494c-3eb6-be87-7282f1095609): 123
[18:06:41] 123123111 (6a03ef0d-494c-3eb6-be87-7282f1095609): 123
[18:07:04] 123123111 (6a03ef0d-494c-3eb6-be87-7282f1095609): 123
[18:08:03] 123123111 (6a03ef0d-494c-3eb6-be87-7282f1095609): 123
[18:08:04] 123123111 (6a03ef0d-494c-3eb6-be87-7282f1095609): 123
[18:18:42] 123123111 (6a03ef0d-494c-3eb6-be87-7282f1095609): 123
[18:18:43] 123123111 (6a03ef0d-494c-3eb6-be87-7282f1095609): 12312
[18:18:44] nava1enyj (a99c4341-6cc6-3f95-98b6-d83e01d692af): sdfasdf
[18:21:10] nava1enyj (a99c4341-6cc6-3f95-98b6-d83e01d692af): dsaf
[18:21:12] nava1enyj (a99c4341-6cc6-3f95-98b6-d83e01d692af): sfdg
[18:30:26] nava1enyj (a99c4341-6cc6-3f95-98b6-d83e01d692af): dgsa
[18:32:15] 1231231111 (a3d3f63d-d98c-381b-8435-98837fc2bf01): 123
[18:32:17] 1231231111 (a3d3f63d-d98c-381b-8435-98837fc2bf01): 123
[18:32:18] 1231231111 (a3d3f63d-d98c-381b-8435-98837fc2bf01): 123
[18:32:21] [ADS] 1231231111 (a3d3f63d-d98c-381b-8435-98837fc2bf01): 
[18:35:36] 1231231111 (a3d3f63d-d98c-381b-8435-98837fc2bf01): 123
[18:37:03] 1231231111 (a3d3f63d-d98c-381b-8435-98837fc2bf01): 123
[18:37:06] 1231231111 (a3d3f63d-d98c-381b-8435-98837fc2bf01): 123
[18:37:06] 1231231111 (a3d3f63d-d98c-381b-8435-98837fc2bf01): 123
[18:37:07] 1231231111 (a3d3f63d-d98c-381b-8435-98837fc2bf01): 123
[18:37:07] 1231231111 (a3d3f63d-d98c-381b-8435-98837fc2bf01): 123
[18:37:08] 1231231111 (a3d3f63d-d98c-381b-8435-98837fc2bf01): 123
[18:37:08] 1231231111 (a3d3f63d-d98c-381b-8435-98837fc2bf01): 123
[18:37:09] 1231231111 (a3d3f63d-d98c-381b-8435-98837fc2bf01): 123
[18:37:09] 1231231111 (a3d3f63d-d98c-381b-8435-98837fc2bf01): 123
[18:37:10] 1231231111 (a3d3f63d-d98c-381b-8435-98837fc2bf01): 123
[18:37:12] 1231231111 (a3d3f63d-d98c-381b-8435-98837fc2bf01): 123123
[18:37:14] 1231231111 (a3d3f63d-d98c-381b-8435-98837fc2bf01): 123
[18:37:17] 1231231111 (a3d3f63d-d98c-381b-8435-98837fc2bf01): 123
[18:37:30] 1231231111 (a3d3f63d-d98c-381b-8435-98837fc2bf01): 123
[18:37:38] 1231231111 (a3d3f63d-d98c-381b-8435-98837fc2bf01): 123
[18:37:42] 1231231111 (a3d3f63d-d98c-381b-8435-98837fc2bf01): 123
[18:37:44] 1231231111 (a3d3f63d-d98c-381b-8435-98837fc2bf01): 123
[18:37:47] 1231231111 (a3d3f63d-d98c-381b-8435-98837fc2bf01): 123
