[23:23:35] nava1enyj (a99c4341-6cc6-3f95-98b6-d83e01d692af): asfd
[23:28:34] nava1enyj (a99c4341-6cc6-3f95-98b6-d83e01d692af): sdf
[23:29:58] nava1enyj (a99c4341-6cc6-3f95-98b6-d83e01d692af): waesfd
[23:30:12] nava1enyj (a99c4341-6cc6-3f95-98b6-d83e01d692af): sdaf
[23:30:31] nava1enyj (a99c4341-6cc6-3f95-98b6-d83e01d692af): dsfg
[23:30:32] nava1enyj (a99c4341-6cc6-3f95-98b6-d83e01d692af): dsaf
[23:30:56] nava1enyj (a99c4341-6cc6-3f95-98b6-d83e01d692af): sgf
[23:30:57] nava1enyj (a99c4341-6cc6-3f95-98b6-d83e01d692af): sfsfdgsdf
[23:31:00] nava1enyj (a99c4341-6cc6-3f95-98b6-d83e01d692af): sdfg
[23:36:36] nava1enyj (a99c4341-6cc6-3f95-98b6-d83e01d692af): dsaf
[23:36:38] nava1enyj (a99c4341-6cc6-3f95-98b6-d83e01d692af): sfdg
[23:39:31] nava1enyj (a99c4341-6cc6-3f95-98b6-d83e01d692af): sfda
[23:43:39] nava1enyj (a99c4341-6cc6-3f95-98b6-d83e01d692af): sdaf
[23:43:40] nava1enyj (a99c4341-6cc6-3f95-98b6-d83e01d692af): sfdg
[23:43:46] nava1enyj (a99c4341-6cc6-3f95-98b6-d83e01d692af): sdfg
[23:44:38] nava1enyj (a99c4341-6cc6-3f95-98b6-d83e01d692af): sdaf
[23:44:39] nava1enyj (a99c4341-6cc6-3f95-98b6-d83e01d692af): fsgfgd
[23:44:41] nava1enyj (a99c4341-6cc6-3f95-98b6-d83e01d692af): sfgsfg
[23:46:50] nava1enyj (a99c4341-6cc6-3f95-98b6-d83e01d692af): sdfa
[23:46:51] nava1enyj (a99c4341-6cc6-3f95-98b6-d83e01d692af): asfdgsfg
[23:47:03] nava1enyj (a99c4341-6cc6-3f95-98b6-d83e01d692af): sdaf
